app/build/intermediates/manifest_merge_blame_file/debug/processDebugMainManifest/manifest-merger-blame-debug-report.txt
1<?xml version="1.0" encoding="utf-8"?>
2<manifest xmlns:android="http://schemas.android.com/apk/res/android"
3    package="com.example.mycalendar2026sar"
4    android:versionCode="1"
5    android:versionName="1.0" >
6
7    <uses-sdk
7-->INJECTED
8        android:minSdkVersion="31"
8-->INJECTED
9        android:targetSdkVersion="36" />
9-->INJECTED
10
11    <uses-permission android:name="android.permission.POST_NOTIFICATIONS" />
11-->src\main\AndroidManifest.xml:4:5-77
11-->src\main\AndroidManifest.xml:4:22-74
12    <uses-permission android:name="android.permission.SCHEDULE_EXACT_ALARM" />
12-->src\main\AndroidManifest.xml:5:5-79
12-->src\main\AndroidManifest.xml:5:22-76
13    <uses-permission android:name="android.permission.USE_EXACT_ALARM" />
13-->src\main\AndroidManifest.xml:6:5-74
13-->src\main\AndroidManifest.xml:6:22-71
14    <uses-permission android:name="android.permission.FOREGROUND_SERVICE" />
14-->src\main\AndroidManifest.xml:7:5-77
14-->src\main\AndroidManifest.xml:7:22-74
15    <uses-permission android:name="android.permission.FOREGROUND_SERVICE_SPECIAL_USE" />
15-->src\main\AndroidManifest.xml:8:5-89
15-->src\main\AndroidManifest.xml:8:22-86
16    <uses-permission android:name="android.permission.CAMERA" />
16-->src\main\AndroidManifest.xml:9:5-65
16-->src\main\AndroidManifest.xml:9:22-62
17    <uses-permission android:name="android.permission.INTERNET" />
17-->src\main\AndroidManifest.xml:10:5-67
17-->src\main\AndroidManifest.xml:10:22-64
18    <uses-permission android:name="android.permission.RECORD_AUDIO" />
18-->src\main\AndroidManifest.xml:11:5-71
18-->src\main\AndroidManifest.xml:11:22-68
19
20    <uses-feature
20-->src\main\AndroidManifest.xml:12:5-85
21        android:name="android.hardware.camera"
21-->src\main\AndroidManifest.xml:12:19-57
22        android:required="false" />
22-->src\main\AndroidManifest.xml:12:58-82
23
24    <uses-permission android:name="android.permission.USE_BIOMETRIC" /> <!-- suppress DeprecatedClassUsageInspection -->
24-->[androidx.biometric:biometric:1.1.0] AndroidManifest.xml:24:5-72
24-->[androidx.biometric:biometric:1.1.0] AndroidManifest.xml:24:22-69
25    <uses-permission android:name="android.permission.USE_FINGERPRINT" />
25-->[androidx.biometric:biometric:1.1.0] AndroidManifest.xml:27:5-74
25-->[androidx.biometric:biometric:1.1.0] AndroidManifest.xml:27:22-71
26    <uses-permission android:name="android.permission.ACCESS_NETWORK_STATE" />
26-->[com.google.mlkit:translate:17.0.3] AndroidManifest.xml:7:5-79
26-->[com.google.mlkit:translate:17.0.3] AndroidManifest.xml:7:22-76
27
28    <permission
28-->[androidx.core:core:1.18.0] AndroidManifest.xml:22:5-24:47
29        android:name="com.example.mycalendar2026sar.DYNAMIC_RECEIVER_NOT_EXPORTED_PERMISSION"
29-->[androidx.core:core:1.18.0] AndroidManifest.xml:23:9-81
30        android:protectionLevel="signature" />
30-->[androidx.core:core:1.18.0] AndroidManifest.xml:24:9-44
31
32    <uses-permission android:name="com.example.mycalendar2026sar.DYNAMIC_RECEIVER_NOT_EXPORTED_PERMISSION" />
32-->[androidx.core:core:1.18.0] AndroidManifest.xml:26:5-97
32-->[androidx.core:core:1.18.0] AndroidManifest.xml:26:22-94
33
34    <application
34-->src\main\AndroidManifest.xml:14:5-204:19
35        android:allowBackup="true"
35-->src\main\AndroidManifest.xml:15:9-35
36        android:appComponentFactory="androidx.core.app.CoreComponentFactory"
36-->[androidx.core:core:1.18.0] AndroidManifest.xml:28:18-86
37        android:dataExtractionRules="@xml/data_extraction_rules"
37-->src\main\AndroidManifest.xml:16:9-65
38        android:debuggable="true"
39        android:enableOnBackInvokedCallback="true"
39-->src\main\AndroidManifest.xml:23:9-51
40        android:extractNativeLibs="false"
40-->INJECTED
41        android:fullBackupContent="@xml/backup_rules"
41-->src\main\AndroidManifest.xml:17:9-54
42        android:icon="@mipmap/ic_launcher"
42-->src\main\AndroidManifest.xml:18:9-43
43        android:label="@string/app_name"
43-->src\main\AndroidManifest.xml:19:9-41
44        android:roundIcon="@mipmap/ic_launcher_round"
44-->src\main\AndroidManifest.xml:20:9-54
45        android:supportsRtl="true"
45-->src\main\AndroidManifest.xml:21:9-35
46        android:testOnly="true"
47        android:theme="@style/Theme.MyCalendar2026SAR" >
47-->src\main\AndroidManifest.xml:22:9-55
48        <activity
48-->src\main\AndroidManifest.xml:24:9-35:20
49            android:name="com.example.mycalendar2026sar.MainActivity"
49-->src\main\AndroidManifest.xml:25:13-41
50            android:clearTaskOnLaunch="true"
50-->src\main\AndroidManifest.xml:27:13-45
51            android:exported="true"
51-->src\main\AndroidManifest.xml:26:13-36
52            android:launchMode="singleTask"
52-->src\main\AndroidManifest.xml:28:13-44
53            android:windowSoftInputMode="adjustResize" >
53-->src\main\AndroidManifest.xml:29:13-55
54            <intent-filter>
54-->src\main\AndroidManifest.xml:30:13-34:29
55                <action android:name="android.intent.action.MAIN" />
55-->src\main\AndroidManifest.xml:31:17-69
55-->src\main\AndroidManifest.xml:31:25-66
56
57                <category android:name="android.intent.category.LAUNCHER" />
57-->src\main\AndroidManifest.xml:33:17-77
57-->src\main\AndroidManifest.xml:33:27-74
58            </intent-filter>
59        </activity>
60        <activity
60-->src\main\AndroidManifest.xml:36:9-40:62
61            android:name="com.example.mycalendar2026sar.SecureBoxActivity"
61-->src\main\AndroidManifest.xml:37:13-46
62            android:exported="false"
62-->src\main\AndroidManifest.xml:38:13-37
63            android:finishOnTaskLaunch="true"
63-->src\main\AndroidManifest.xml:39:13-46
64            android:theme="@style/Theme.MyCalendar2026SAR" />
64-->src\main\AndroidManifest.xml:40:13-59
65        <activity
65-->src\main\AndroidManifest.xml:41:9-45:62
66            android:name="com.example.mycalendar2026sar.CategoryActivity"
66-->src\main\AndroidManifest.xml:42:13-45
67            android:exported="false"
67-->src\main\AndroidManifest.xml:43:13-37
68            android:finishOnTaskLaunch="true"
68-->src\main\AndroidManifest.xml:44:13-46
69            android:theme="@style/Theme.MyCalendar2026SAR" />
69-->src\main\AndroidManifest.xml:45:13-59
70        <activity
70-->src\main\AndroidManifest.xml:46:9-50:62
71            android:name="com.example.mycalendar2026sar.ExpensesActivity"
71-->src\main\AndroidManifest.xml:47:13-45
72            android:exported="false"
72-->src\main\AndroidManifest.xml:48:13-37
73            android:finishOnTaskLaunch="true"
73-->src\main\AndroidManifest.xml:49:13-46
74            android:theme="@style/Theme.MyCalendar2026SAR" />
74-->src\main\AndroidManifest.xml:50:13-59
75        <activity
75-->src\main\AndroidManifest.xml:51:9-55:62
76            android:name="com.example.mycalendar2026sar.AddTransactionActivity"
76-->src\main\AndroidManifest.xml:52:13-51
77            android:exported="false"
77-->src\main\AndroidManifest.xml:53:13-37
78            android:finishOnTaskLaunch="true"
78-->src\main\AndroidManifest.xml:54:13-46
79            android:theme="@style/Theme.MyCalendar2026SAR" />
79-->src\main\AndroidManifest.xml:55:13-59
80        <activity
80-->src\main\AndroidManifest.xml:56:9-60:62
81            android:name="com.example.mycalendar2026sar.IncomeActivity"
81-->src\main\AndroidManifest.xml:57:13-43
82            android:exported="false"
82-->src\main\AndroidManifest.xml:58:13-37
83            android:finishOnTaskLaunch="true"
83-->src\main\AndroidManifest.xml:59:13-46
84            android:theme="@style/Theme.MyCalendar2026SAR" />
84-->src\main\AndroidManifest.xml:60:13-59
85        <activity
85-->src\main\AndroidManifest.xml:61:9-65:62
86            android:name="com.example.mycalendar2026sar.ExpenseTypeActivity"
86-->src\main\AndroidManifest.xml:62:13-48
87            android:exported="false"
87-->src\main\AndroidManifest.xml:63:13-37
88            android:finishOnTaskLaunch="true"
88-->src\main\AndroidManifest.xml:64:13-46
89            android:theme="@style/Theme.MyCalendar2026SAR" />
89-->src\main\AndroidManifest.xml:65:13-59
90        <activity
90-->src\main\AndroidManifest.xml:66:9-70:62
91            android:name="com.example.mycalendar2026sar.TransferActivity"
91-->src\main\AndroidManifest.xml:67:13-45
92            android:exported="false"
92-->src\main\AndroidManifest.xml:68:13-37
93            android:finishOnTaskLaunch="true"
93-->src\main\AndroidManifest.xml:69:13-46
94            android:theme="@style/Theme.MyCalendar2026SAR" />
94-->src\main\AndroidManifest.xml:70:13-59
95        <activity
95-->src\main\AndroidManifest.xml:71:9-75:62
96            android:name="com.example.mycalendar2026sar.AccountSummaryActivity"
96-->src\main\AndroidManifest.xml:72:13-51
97            android:exported="false"
97-->src\main\AndroidManifest.xml:73:13-37
98            android:finishOnTaskLaunch="true"
98-->src\main\AndroidManifest.xml:74:13-46
99            android:theme="@style/Theme.MyCalendar2026SAR" />
99-->src\main\AndroidManifest.xml:75:13-59
100        <activity
100-->src\main\AndroidManifest.xml:76:9-80:62
101            android:name="com.example.mycalendar2026sar.TransactionNamesActivity"
101-->src\main\AndroidManifest.xml:77:13-53
102            android:exported="false"
102-->src\main\AndroidManifest.xml:78:13-37
103            android:finishOnTaskLaunch="true"
103-->src\main\AndroidManifest.xml:79:13-46
104            android:theme="@style/Theme.MyCalendar2026SAR" />
104-->src\main\AndroidManifest.xml:80:13-59
105        <activity
105-->src\main\AndroidManifest.xml:81:9-85:62
106            android:name="com.example.mycalendar2026sar.SummaryActivity"
106-->src\main\AndroidManifest.xml:82:13-44
107            android:exported="false"
107-->src\main\AndroidManifest.xml:83:13-37
108            android:finishOnTaskLaunch="true"
108-->src\main\AndroidManifest.xml:84:13-46
109            android:theme="@style/Theme.MyCalendar2026SAR" />
109-->src\main\AndroidManifest.xml:85:13-59
110        <activity
110-->src\main\AndroidManifest.xml:86:9-90:62
111            android:name="com.example.mycalendar2026sar.ReportAllActivity"
111-->src\main\AndroidManifest.xml:87:13-46
112            android:exported="false"
112-->src\main\AndroidManifest.xml:88:13-37
113            android:finishOnTaskLaunch="true"
113-->src\main\AndroidManifest.xml:89:13-46
114            android:theme="@style/Theme.MyCalendar2026SAR" />
114-->src\main\AndroidManifest.xml:90:13-59
115        <activity
115-->src\main\AndroidManifest.xml:91:9-95:62
116            android:name="com.example.mycalendar2026sar.DeletedTransactionsActivity"
116-->src\main\AndroidManifest.xml:92:13-56
117            android:exported="false"
117-->src\main\AndroidManifest.xml:93:13-37
118            android:finishOnTaskLaunch="true"
118-->src\main\AndroidManifest.xml:94:13-46
119            android:theme="@style/Theme.MyCalendar2026SAR" />
119-->src\main\AndroidManifest.xml:95:13-59
120        <activity
120-->src\main\AndroidManifest.xml:96:9-100:62
121            android:name="com.example.mycalendar2026sar.ExpensesSettingsActivity"
121-->src\main\AndroidManifest.xml:97:13-53
122            android:exported="false"
122-->src\main\AndroidManifest.xml:98:13-37
123            android:finishOnTaskLaunch="true"
123-->src\main\AndroidManifest.xml:99:13-46
124            android:theme="@style/Theme.MyCalendar2026SAR" />
124-->src\main\AndroidManifest.xml:100:13-59
125        <activity
125-->src\main\AndroidManifest.xml:101:9-105:62
126            android:name="com.example.mycalendar2026sar.NotebookActivity"
126-->src\main\AndroidManifest.xml:102:13-45
127            android:exported="false"
127-->src\main\AndroidManifest.xml:103:13-37
128            android:finishOnTaskLaunch="true"
128-->src\main\AndroidManifest.xml:104:13-46
129            android:theme="@style/Theme.MyCalendar2026SAR" />
129-->src\main\AndroidManifest.xml:105:13-59
130        <activity
130-->src\main\AndroidManifest.xml:106:9-110:62
131            android:name="com.example.mycalendar2026sar.ImageEditorActivity"
131-->src\main\AndroidManifest.xml:107:13-48
132            android:exported="false"
132-->src\main\AndroidManifest.xml:108:13-37
133            android:finishOnTaskLaunch="true"
133-->src\main\AndroidManifest.xml:109:13-46
134            android:theme="@style/Theme.MyCalendar2026SAR" />
134-->src\main\AndroidManifest.xml:110:13-59
135        <activity
135-->src\main\AndroidManifest.xml:111:9-115:62
136            android:name="com.example.mycalendar2026sar.TaskActivity"
136-->src\main\AndroidManifest.xml:112:13-41
137            android:exported="false"
137-->src\main\AndroidManifest.xml:113:13-37
138            android:finishOnTaskLaunch="true"
138-->src\main\AndroidManifest.xml:114:13-46
139            android:theme="@style/Theme.MyCalendar2026SAR" />
139-->src\main\AndroidManifest.xml:115:13-59
140        <activity
140-->src\main\AndroidManifest.xml:116:9-120:62
141            android:name="com.example.mycalendar2026sar.ExpensesCalendarActivity"
141-->src\main\AndroidManifest.xml:117:13-53
142            android:exported="false"
142-->src\main\AndroidManifest.xml:118:13-37
143            android:finishOnTaskLaunch="true"
143-->src\main\AndroidManifest.xml:119:13-46
144            android:theme="@style/Theme.MyCalendar2026SAR" />
144-->src\main\AndroidManifest.xml:120:13-59
145        <activity
145-->src\main\AndroidManifest.xml:121:9-125:62
146            android:name="com.example.mycalendar2026sar.ChartActivity"
146-->src\main\AndroidManifest.xml:122:13-42
147            android:exported="false"
147-->src\main\AndroidManifest.xml:123:13-37
148            android:finishOnTaskLaunch="true"
148-->src\main\AndroidManifest.xml:124:13-46
149            android:theme="@style/Theme.MyCalendar2026SAR" />
149-->src\main\AndroidManifest.xml:125:13-59
150        <activity
150-->src\main\AndroidManifest.xml:126:9-130:62
151            android:name="com.example.mycalendar2026sar.RatesActivity"
151-->src\main\AndroidManifest.xml:127:13-42
152            android:exported="false"
152-->src\main\AndroidManifest.xml:128:13-37
153            android:finishOnTaskLaunch="true"
153-->src\main\AndroidManifest.xml:129:13-46
154            android:theme="@style/Theme.MyCalendar2026SAR" />
154-->src\main\AndroidManifest.xml:130:13-59
155        <activity
155-->src\main\AndroidManifest.xml:131:9-135:62
156            android:name="com.example.mycalendar2026sar.RecommendActivity"
156-->src\main\AndroidManifest.xml:132:13-46
157            android:exported="false"
157-->src\main\AndroidManifest.xml:133:13-37
158            android:finishOnTaskLaunch="true"
158-->src\main\AndroidManifest.xml:134:13-46
159            android:theme="@style/Theme.MyCalendar2026SAR" />
159-->src\main\AndroidManifest.xml:135:13-59
160        <activity
160-->src\main\AndroidManifest.xml:136:9-140:62
161            android:name="com.example.mycalendar2026sar.AccountsOverviewActivity"
161-->src\main\AndroidManifest.xml:137:13-53
162            android:exported="false"
162-->src\main\AndroidManifest.xml:138:13-37
163            android:finishOnTaskLaunch="true"
163-->src\main\AndroidManifest.xml:139:13-46
164            android:theme="@style/Theme.MyCalendar2026SAR" />
164-->src\main\AndroidManifest.xml:140:13-59
165        <activity
165-->src\main\AndroidManifest.xml:141:9-145:62
166            android:name="com.example.mycalendar2026sar.TransactionsAllAccountsActivity"
166-->src\main\AndroidManifest.xml:142:13-60
167            android:exported="false"
167-->src\main\AndroidManifest.xml:143:13-37
168            android:finishOnTaskLaunch="true"
168-->src\main\AndroidManifest.xml:144:13-46
169            android:theme="@style/Theme.MyCalendar2026SAR" />
169-->src\main\AndroidManifest.xml:145:13-59
170        <activity
170-->src\main\AndroidManifest.xml:146:9-150:62
171            android:name="com.example.mycalendar2026sar.CashCalculatorActivity"
171-->src\main\AndroidManifest.xml:147:13-51
172            android:exported="false"
172-->src\main\AndroidManifest.xml:148:13-37
173            android:finishOnTaskLaunch="true"
173-->src\main\AndroidManifest.xml:149:13-46
174            android:theme="@style/Theme.MyCalendar2026SAR" />
174-->src\main\AndroidManifest.xml:150:13-59
175        <activity
175-->src\main\AndroidManifest.xml:151:9-155:62
176            android:name="com.example.mycalendar2026sar.AddRemoveCurrencyActivity"
176-->src\main\AndroidManifest.xml:152:13-54
177            android:exported="false"
177-->src\main\AndroidManifest.xml:153:13-37
178            android:finishOnTaskLaunch="true"
178-->src\main\AndroidManifest.xml:154:13-46
179            android:theme="@style/Theme.MyCalendar2026SAR" />
179-->src\main\AndroidManifest.xml:155:13-59
180        <activity
180-->src\main\AndroidManifest.xml:157:9-161:62
181            android:name="com.example.mycalendar2026sar.DayDetailsActivity"
181-->src\main\AndroidManifest.xml:158:13-47
182            android:exported="false"
182-->src\main\AndroidManifest.xml:159:13-37
183            android:finishOnTaskLaunch="true"
183-->src\main\AndroidManifest.xml:160:13-46
184            android:theme="@style/Theme.MyCalendar2026SAR" />
184-->src\main\AndroidManifest.xml:161:13-59
185        <activity
185-->src\main\AndroidManifest.xml:163:9-168:58
186            android:name="com.example.mycalendar2026sar.NotificationDetailsActivity"
186-->src\main\AndroidManifest.xml:164:13-56
187            android:exported="false"
187-->src\main\AndroidManifest.xml:165:13-37
188            android:finishOnTaskLaunch="true"
188-->src\main\AndroidManifest.xml:166:13-46
189            android:theme="@style/Theme.MyCalendar2026SAR"
189-->src\main\AndroidManifest.xml:167:13-59
190            android:windowSoftInputMode="adjustResize" />
190-->src\main\AndroidManifest.xml:168:13-55
191        <activity
191-->src\main\AndroidManifest.xml:170:9-174:62
192            android:name="com.example.mycalendar2026sar.EventsActivity"
192-->src\main\AndroidManifest.xml:171:13-43
193            android:exported="false"
193-->src\main\AndroidManifest.xml:172:13-37
194            android:finishOnTaskLaunch="true"
194-->src\main\AndroidManifest.xml:173:13-46
195            android:theme="@style/Theme.MyCalendar2026SAR" />
195-->src\main\AndroidManifest.xml:174:13-59
196
197        <service
197-->src\main\AndroidManifest.xml:176:9-183:19
198            android:name="com.example.mycalendar2026sar.QuickNoteNotificationService"
198-->src\main\AndroidManifest.xml:177:13-57
199            android:enabled="true"
199-->src\main\AndroidManifest.xml:178:13-35
200            android:exported="false"
200-->src\main\AndroidManifest.xml:179:13-37
201            android:foregroundServiceType="specialUse" >
201-->src\main\AndroidManifest.xml:180:13-55
202            <property
202-->src\main\AndroidManifest.xml:181:13-182:71
203                android:name="android.app.PROPERTY_SPECIAL_USE_FGS_SUBTYPE"
203-->src\main\AndroidManifest.xml:181:23-82
204                android:value="Persistent UI for quick note taking" />
204-->src\main\AndroidManifest.xml:182:17-68
205        </service>
206
207        <receiver
207-->src\main\AndroidManifest.xml:185:9-79
208            android:name="com.example.mycalendar2026sar.ReminderReceiver"
208-->src\main\AndroidManifest.xml:185:19-51
209            android:exported="false" />
209-->src\main\AndroidManifest.xml:185:52-76
210
211        <!-- Professional 4x4 SAR Dashboard Widget -->
212        <receiver
212-->src\main\AndroidManifest.xml:188:9-191:20
213            android:name="com.example.mycalendar2026sar.SARCalendarWidget4x4"
213-->src\main\AndroidManifest.xml:188:19-55
214            android:exported="false"
214-->src\main\AndroidManifest.xml:188:56-80
215            android:label="SAR Dashboard (4x4)" >
215-->src\main\AndroidManifest.xml:188:81-116
216            <intent-filter>
216-->src\main\AndroidManifest.xml:189:13-111
217                <action android:name="android.appwidget.action.APPWIDGET_UPDATE" />
217-->src\main\AndroidManifest.xml:189:28-95
217-->src\main\AndroidManifest.xml:189:36-92
218            </intent-filter>
219
220            <meta-data
220-->src\main\AndroidManifest.xml:190:13-112
221                android:name="android.appwidget.provider"
221-->src\main\AndroidManifest.xml:190:24-65
222                android:resource="@xml/sar_widget_4x4_info" />
222-->src\main\AndroidManifest.xml:190:66-109
223        </receiver>
224
225        <service
225-->src\main\AndroidManifest.xml:193:9-136
226            android:name="com.example.mycalendar2026sar.WidgetListService"
226-->src\main\AndroidManifest.xml:193:18-51
227            android:exported="false"
227-->src\main\AndroidManifest.xml:193:109-133
228            android:permission="android.permission.BIND_REMOTEVIEWS" />
228-->src\main\AndroidManifest.xml:193:52-108
229
230        <provider
230-->INJECTED
231            android:name="androidx.core.content.FileProvider"
231-->src\main\AndroidManifest.xml:196:13-62
232            android:authorities="com.example.mycalendar2026sar.fileprovider"
232-->INJECTED
233            android:exported="false"
233-->src\main\AndroidManifest.xml:198:13-37
234            android:grantUriPermissions="true" >
234-->src\main\AndroidManifest.xml:199:13-47
235            <meta-data
235-->src\main\AndroidManifest.xml:200:13-202:54
236                android:name="android.support.FILE_PROVIDER_PATHS"
236-->src\main\AndroidManifest.xml:201:17-67
237                android:resource="@xml/file_paths" />
237-->src\main\AndroidManifest.xml:202:17-51
238        </provider>
239
240        <service
240-->[com.google.mlkit:translate:17.0.3] AndroidManifest.xml:11:9-17:19
241            android:name="com.google.mlkit.common.internal.MlKitComponentDiscoveryService"
241-->[com.google.mlkit:translate:17.0.3] AndroidManifest.xml:12:13-91
242            android:directBootAware="true"
242-->[com.google.mlkit:common:18.11.0] AndroidManifest.xml:17:13-43
243            android:exported="false" >
243-->[com.google.mlkit:translate:17.0.3] AndroidManifest.xml:13:13-37
244            <meta-data
244-->[com.google.mlkit:translate:17.0.3] AndroidManifest.xml:14:13-16:85
245                android:name="com.google.firebase.components:com.google.mlkit.nl.translate.NaturalLanguageTranslateRegistrar"
245-->[com.google.mlkit:translate:17.0.3] AndroidManifest.xml:15:17-126
246                android:value="com.google.firebase.components.ComponentRegistrar" />
246-->[com.google.mlkit:translate:17.0.3] AndroidManifest.xml:16:17-82
247            <meta-data
247-->[com.google.mlkit:language-id:17.0.4] AndroidManifest.xml:11:13-13:85
248                android:name="com.google.firebase.components:com.google.mlkit.nl.languageid.bundled.internal.ThickLanguageIdRegistrar"
248-->[com.google.mlkit:language-id:17.0.4] AndroidManifest.xml:12:17-135
249                android:value="com.google.firebase.components.ComponentRegistrar" />
249-->[com.google.mlkit:language-id:17.0.4] AndroidManifest.xml:13:17-82
250            <meta-data
250-->[com.google.mlkit:language-id-common:16.0.0] AndroidManifest.xml:26:13-28:85
251                android:name="com.google.firebase.components:com.google.mlkit.nl.languageid.internal.LanguageIdRegistrar"
251-->[com.google.mlkit:language-id-common:16.0.0] AndroidManifest.xml:27:17-122
252                android:value="com.google.firebase.components.ComponentRegistrar" />
252-->[com.google.mlkit:language-id-common:16.0.0] AndroidManifest.xml:28:17-82
253            <meta-data
253-->[com.google.mlkit:common:18.11.0] AndroidManifest.xml:20:13-22:85
254                android:name="com.google.firebase.components:com.google.mlkit.common.internal.CommonComponentRegistrar"
254-->[com.google.mlkit:common:18.11.0] AndroidManifest.xml:21:17-120
255                android:value="com.google.firebase.components.ComponentRegistrar" />
255-->[com.google.mlkit:common:18.11.0] AndroidManifest.xml:22:17-82
256        </service>
257
258        <provider
258-->[com.google.mlkit:common:18.11.0] AndroidManifest.xml:9:9-13:38
259            android:name="com.google.mlkit.common.internal.MlKitInitProvider"
259-->[com.google.mlkit:common:18.11.0] AndroidManifest.xml:10:13-78
260            android:authorities="com.example.mycalendar2026sar.mlkitinitprovider"
260-->[com.google.mlkit:common:18.11.0] AndroidManifest.xml:11:13-69
261            android:exported="false"
261-->[com.google.mlkit:common:18.11.0] AndroidManifest.xml:12:13-37
262            android:initOrder="99" />
262-->[com.google.mlkit:common:18.11.0] AndroidManifest.xml:13:13-35
263
264        <activity
264-->[com.google.android.gms:play-services-base:18.5.0] AndroidManifest.xml:5:9-173
265            android:name="com.google.android.gms.common.api.GoogleApiActivity"
265-->[com.google.android.gms:play-services-base:18.5.0] AndroidManifest.xml:5:19-85
266            android:exported="false"
266-->[com.google.android.gms:play-services-base:18.5.0] AndroidManifest.xml:5:146-170
267            android:theme="@android:style/Theme.Translucent.NoTitleBar" />
267-->[com.google.android.gms:play-services-base:18.5.0] AndroidManifest.xml:5:86-145
268
269        <meta-data
269-->[com.google.android.gms:play-services-basement:18.4.0] AndroidManifest.xml:6:9-122
270            android:name="com.google.android.gms.version"
270-->[com.google.android.gms:play-services-basement:18.4.0] AndroidManifest.xml:6:20-65
271            android:value="@integer/google_play_services_version" />
271-->[com.google.android.gms:play-services-basement:18.4.0] AndroidManifest.xml:6:66-119
272
273        <provider
273-->[androidx.emoji2:emoji2:1.2.0] AndroidManifest.xml:24:9-32:20
274            android:name="androidx.startup.InitializationProvider"
274-->[androidx.emoji2:emoji2:1.2.0] AndroidManifest.xml:25:13-67
275            android:authorities="com.example.mycalendar2026sar.androidx-startup"
275-->[androidx.emoji2:emoji2:1.2.0] AndroidManifest.xml:26:13-68
276            android:exported="false" >
276-->[androidx.emoji2:emoji2:1.2.0] AndroidManifest.xml:27:13-37
277            <meta-data
277-->[androidx.emoji2:emoji2:1.2.0] AndroidManifest.xml:29:13-31:52
278                android:name="androidx.emoji2.text.EmojiCompatInitializer"
278-->[androidx.emoji2:emoji2:1.2.0] AndroidManifest.xml:30:17-75
279                android:value="androidx.startup" />
279-->[androidx.emoji2:emoji2:1.2.0] AndroidManifest.xml:31:17-49
280            <meta-data
280-->[androidx.lifecycle:lifecycle-process:2.6.2] AndroidManifest.xml:29:13-31:52
281                android:name="androidx.lifecycle.ProcessLifecycleInitializer"
281-->[androidx.lifecycle:lifecycle-process:2.6.2] AndroidManifest.xml:30:17-78
282                android:value="androidx.startup" />
282-->[androidx.lifecycle:lifecycle-process:2.6.2] AndroidManifest.xml:31:17-49
283            <meta-data
283-->[androidx.profileinstaller:profileinstaller:1.4.0] AndroidManifest.xml:29:13-31:52
284                android:name="androidx.profileinstaller.ProfileInstallerInitializer"
284-->[androidx.profileinstaller:profileinstaller:1.4.0] AndroidManifest.xml:30:17-85
285                android:value="androidx.startup" />
285-->[androidx.profileinstaller:profileinstaller:1.4.0] AndroidManifest.xml:31:17-49
286        </provider>
287
288        <service
288-->[com.google.android.datatransport:transport-backend-cct:2.3.3] AndroidManifest.xml:29:9-35:19
289            android:name="com.google.android.datatransport.runtime.backends.TransportBackendDiscovery"
289-->[com.google.android.datatransport:transport-backend-cct:2.3.3] AndroidManifest.xml:30:13-103
290            android:exported="false" >
290-->[com.google.android.datatransport:transport-backend-cct:2.3.3] AndroidManifest.xml:31:13-37
291            <meta-data
291-->[com.google.android.datatransport:transport-backend-cct:2.3.3] AndroidManifest.xml:32:13-34:39
292                android:name="backend:com.google.android.datatransport.cct.CctBackendFactory"
292-->[com.google.android.datatransport:transport-backend-cct:2.3.3] AndroidManifest.xml:33:17-94
293                android:value="cct" />
293-->[com.google.android.datatransport:transport-backend-cct:2.3.3] AndroidManifest.xml:34:17-36
294        </service>
295        <service
295-->[com.google.android.datatransport:transport-runtime:2.2.6] AndroidManifest.xml:26:9-30:19
296            android:name="com.google.android.datatransport.runtime.scheduling.jobscheduling.JobInfoSchedulerService"
296-->[com.google.android.datatransport:transport-runtime:2.2.6] AndroidManifest.xml:27:13-117
297            android:exported="false"
297-->[com.google.android.datatransport:transport-runtime:2.2.6] AndroidManifest.xml:28:13-37
298            android:permission="android.permission.BIND_JOB_SERVICE" >
298-->[com.google.android.datatransport:transport-runtime:2.2.6] AndroidManifest.xml:29:13-69
299        </service>
300
301        <receiver
301-->[com.google.android.datatransport:transport-runtime:2.2.6] AndroidManifest.xml:32:9-34:40
302            android:name="com.google.android.datatransport.runtime.scheduling.jobscheduling.AlarmManagerSchedulerBroadcastReceiver"
302-->[com.google.android.datatransport:transport-runtime:2.2.6] AndroidManifest.xml:33:13-132
303            android:exported="false" />
303-->[com.google.android.datatransport:transport-runtime:2.2.6] AndroidManifest.xml:34:13-37
304        <receiver
304-->[androidx.profileinstaller:profileinstaller:1.4.0] AndroidManifest.xml:34:9-52:20
305            android:name="androidx.profileinstaller.ProfileInstallReceiver"
305-->[androidx.profileinstaller:profileinstaller:1.4.0] AndroidManifest.xml:35:13-76
306            android:directBootAware="false"
306-->[androidx.profileinstaller:profileinstaller:1.4.0] AndroidManifest.xml:36:13-44
307            android:enabled="true"
307-->[androidx.profileinstaller:profileinstaller:1.4.0] AndroidManifest.xml:37:13-35
308            android:exported="true"